conf/tuning/train_pytorch_conformer_kernel31.yaml
reading model parameters from exp/train_sp_pytorch_train_pytorch_conformer_kernel31/results/model.acc.best
# params: 46.311954
===================================================
conf/tuning/train_pytorch_dynamicformer.yaml
reading model parameters from exp/train_sp_pytorch_train_pytorch_dynamicformer/results/model.acc.best
# params: 46.507682
===================================================
conf/tuning/train_pytorch_dynamicformer_use_se.yaml
reading model parameters from exp/train_sp_pytorch_train_pytorch_dynamicformer_use_se/results/model.acc.best
conf/tuning/train_pytorch_dynamicformer_wshare16.yaml
reading model parameters from exp/train_sp_pytorch_train_pytorch_dynamicformer_wshare16/results/model.acc.best
# params: 47.40821
===================================================
conf/tuning/train_pytorch_lightweightformer.yaml
reading model parameters from exp/train_sp_pytorch_train_pytorch_lightweightformer/results/model.acc.best
conf/tuning/train_pytorch_lightweightformer_wshare16.yaml
reading model parameters from exp/train_sp_pytorch_train_pytorch_lightweightformer_wshare16/results/model.acc.best
# params: 46.212178
===================================================
conf/tuning/train_pytorch_lightweightformer_wshare16_cnn_5678.yaml
reading model parameters from exp/train_sp_pytorch_train_pytorch_lightweightformer_wshare16_cnn_5678/results/model.acc.best
conf/tuning/train_pytorch_mcformer.yaml
reading model parameters from exp/train_sp_pytorch_train_pytorch_mcformer/results/model.acc.best
conf/tuning/train_pytorch_mcformer_k8.yaml
reading model parameters from exp/train_sp_pytorch_train_pytorch_mcformer_k8/results/model.acc.best
conf/tuning/train_pytorch_mkconformer.yaml
reading model parameters from exp/train_sp_pytorch_train_pytorch_mkconformer/results/model.acc.best
conf/tuning/train_pytorch_mkconformer_k2_15.yaml
reading model parameters from exp/train_sp_pytorch_train_pytorch_mkconformer_k2_15/results/model.acc.best
conf/tuning/train_pytorch_mkconformer_use_se_layer.yaml
reading model parameters from exp/train_sp_pytorch_train_pytorch_mkconformer_use_se_layer/results/model.acc.best
conf/tuning/train_pytorch_multiconformer.yaml
reading model parameters from exp/train_sp_pytorch_train_pytorch_multiconformer/results/model.acc.best
# params: 48.741906
===================================================
conf/tuning/train_pytorch_pformer_avepool.yaml
reading model parameters from exp/train_sp_pytorch_train_pytorch_pformer_avepool/results/model.acc.best
conf/tuning/train_pytorch_pformer_highway_wshare16.yaml
reading model parameters from exp/train_sp_pytorch_train_pytorch_pformer_highway_wshare16/results/model.acc.best
# params: 47.605586
===================================================
conf/tuning/train_pytorch_pformer_linear.yaml
reading model parameters from exp/train_sp_pytorch_train_pytorch_pformer_linear/results/model.acc.best
# params: 46.63901
===================================================
conf/tuning/train_pytorch_transformer.yaml
reading model parameters from exp/train_sp_pytorch_train_pytorch_transformer/results/model.last5.avg.best
